# JRE version: OpenJDK Runtime Environment (8.0_212-b04) (build 1.8.0_212-release-1586-b04)
# Java VM: OpenJDK 64-Bit Server VM (25.212-b04 mixed mode windows-amd64 compressed oops)
Heap:
 PSYoungGen      total 375296K, used 212906K [0x00000000e0000000, 0x00000000ff680000, 0x0000000100000000)
  eden space 351744K, 60% used [0x00000000e0000000,0x00000000ecfea8f0,0x00000000f5780000)
  from space 23552K, 0% used [0x00000000f5780000,0x00000000f5780000,0x00000000f6e80000)
  to   space 81408K, 0% used [0x00000000fa700000,0x00000000fa700000,0x00000000ff680000)
 ParOldGen       total 353792K, used 70234K [0x00000000a0000000, 0x00000000b5980000, 0x00000000e0000000)
  object space 353792K, 19% used [0x00000000a0000000,0x00000000a4496b38,0x00000000b5980000)
 Metaspace       used 132938K, capacity 139977K, committed 143360K, reserved 1173504K
  class space    used 16999K, capacity 18267K, committed 18944K, reserved 1048576K
GC Heap History (10 events):
Event: 3707.463 GC heap before
{Heap before GC invocations=35 (full 5):
 PSYoungGen      total 435712K, used 391208K [0x00000000e0000000, 0x0000000100000000, 0x0000000100000000)
  eden space 347136K, 100% used [0x00000000e0000000,0x00000000f5300000,0x00000000f5300000)
  from space 88576K, 49% used [0x00000000f5300000,0x00000000f7e0a238,0x00000000fa980000)
  to   space 86528K, 0% used [0x00000000fab80000,0x00000000fab80000,0x0000000100000000)
 ParOldGen       total 353792K, used 165828K [0x00000000a0000000, 0x00000000b5980000, 0x00000000e0000000)
  object space 353792K, 46% used [0x00000000a0000000,0x00000000aa1f1378,0x00000000b5980000)
 Metaspace       used 134110K, capacity 141323K, committed 141952K, reserved 1173504K
  class space    used 17247K, capacity 18620K, committed 18816K, reserved 1048576K
Event: 3707.677 GC heap after
Heap after GC invocations=35 (full 5):
 PSYoungGen      total 429568K, used 43979K [0x00000000e0000000, 0x00000000ffa00000, 0x0000000100000000)
  eden space 349184K, 0% used [0x00000000e0000000,0x00000000e0000000,0x00000000f5500000)
  from space 80384K, 54% used [0x00000000fab80000,0x00000000fd672d90,0x00000000ffa00000)
  to   space 84480K, 0% used [0x00000000f5500000,0x00000000f5500000,0x00000000fa780000)
 ParOldGen       total 353792K, used 165836K [0x00000000a0000000, 0x00000000b5980000, 0x00000000e0000000)
  object space 353792K, 46% used [0x00000000a0000000,0x00000000aa1f3378,0x00000000b5980000)
 Metaspace       used 134110K, capacity 141323K, committed 141952K, reserved 1173504K
  class space    used 17247K, capacity 18620K, committed 18816K, reserved 1048576K
}
Event: 3827.819 GC heap before
{Heap before GC invocations=36 (full 5):
 PSYoungGen      total 429568K, used 389753K [0x00000000e0000000, 0x00000000ffa00000, 0x0000000100000000)
  eden space 349184K, 99% used [0x00000000e0000000,0x00000000f51ab820,0x00000000f5500000)
  from space 80384K, 54% used [0x00000000fab80000,0x00000000fd672d90,0x00000000ffa00000)
  to   space 84480K, 0% used [0x00000000f5500000,0x00000000f5500000,0x00000000fa780000)
 ParOldGen       total 353792K, used 165836K [0x00000000a0000000, 0x00000000b5980000, 0x00000000e0000000)
  object space 353792K, 46% used [0x00000000a0000000,0x00000000aa1f3378,0x00000000b5980000)
 Metaspace       used 134496K, capacity 141833K, committed 142208K, reserved 1173504K
  class space    used 17270K, capacity 18661K, committed 18816K, reserved 1048576K
Event: 3828.005 GC heap after
Heap after GC invocations=36 (full 5):
 PSYoungGen      total 433664K, used 58882K [0x00000000e0000000, 0x0000000100000000, 0x0000000100000000)
  eden space 349184K, 0% used [0x00000000e0000000,0x00000000e0000000,0x00000000f5500000)
  from space 84480K, 69% used [0x00000000f5500000,0x00000000f8e80a38,0x00000000fa780000)
  to   space 88064K, 0% used [0x00000000faa00000,0x00000000faa00000,0x0000000100000000)
 ParOldGen       total 353792K, used 165844K [0x00000000a0000000, 0x00000000b5980000, 0x00000000e0000000)
  object space 353792K, 46% used [0x00000000a0000000,0x00000000aa1f5378,0x00000000b5980000)
 Metaspace       used 134496K, capacity 141833K, committed 142208K, reserved 1173504K
  class space    used 17270K, capacity 18661K, committed 18816K, reserved 1048576K
}
Event: 6524.236 GC heap before
{Heap before GC invocations=37 (full 5):
 PSYoungGen      total 433664K, used 408053K [0x00000000e0000000, 0x0000000100000000, 0x0000000100000000)
  eden space 349184K, 99% used [0x00000000e0000000,0x00000000f54fcca8,0x00000000f5500000)
  from space 84480K, 69% used [0x00000000f5500000,0x00000000f8e80a38,0x00000000fa780000)
  to   space 88064K, 0% used [0x00000000faa00000,0x00000000faa00000,0x0000000100000000)
 ParOldGen       total 353792K, used 165844K [0x00000000a0000000, 0x00000000b5980000, 0x00000000e0000000)
  object space 353792K, 46% used [0x00000000a0000000,0x00000000aa1f5378,0x00000000b5980000)
 Metaspace       used 135036K, capacity 142845K, committed 143104K, reserved 1173504K
  class space    used 17344K, capacity 18795K, committed 18944K, reserved 1048576K
Event: 6525.604 GC heap after
Heap after GC invocations=37 (full 5):
 PSYoungGen      total 434176K, used 37795K [0x00000000e0000000, 0x00000000ffa80000, 0x0000000100000000)
  eden space 351744K, 0% used [0x00000000e0000000,0x00000000e0000000,0x00000000f5780000)
  from space 82432K, 45% used [0x00000000faa00000,0x00000000fcee8c10,0x00000000ffa80000)
  to   space 83456K, 0% used [0x00000000f5780000,0x00000000f5780000,0x00000000fa900000)
 ParOldGen       total 353792K, used 165852K [0x00000000a0000000, 0x00000000b5980000, 0x00000000e0000000)
  object space 353792K, 46% used [0x00000000a0000000,0x00000000aa1f7378,0x00000000b5980000)
 Metaspace       used 135036K, capacity 142845K, committed 143104K, reserved 1173504K
  class space    used 17344K, capacity 18795K, committed 18944K, reserved 1048576K
}
Event: 7231.126 GC heap before
{Heap before GC invocations=38 (full 5):
 PSYoungGen      total 434176K, used 224303K [0x00000000e0000000, 0x00000000ffa80000, 0x0000000100000000)
  eden space 351744K, 53% used [0x00000000e0000000,0x00000000eb6231a0,0x00000000f5780000)
  from space 82432K, 45% used [0x00000000faa00000,0x00000000fcee8c10,0x00000000ffa80000)
  to   space 83456K, 0% used [0x00000000f5780000,0x00000000f5780000,0x00000000fa900000)
 ParOldGen       total 353792K, used 165852K [0x00000000a0000000, 0x00000000b5980000, 0x00000000e0000000)
  object space 353792K, 46% used [0x00000000a0000000,0x00000000aa1f7378,0x00000000b5980000)
 Metaspace       used 135177K, capacity 143021K, committed 143360K, reserved 1173504K
  class space    used 17349K, capacity 18801K, committed 18944K, reserved 1048576K
Event: 7231.220 GC heap after
Heap after GC invocations=38 (full 5):
 PSYoungGen      total 375296K, used 23449K [0x00000000e0000000, 0x00000000ff680000, 0x0000000100000000)
  eden space 351744K, 0% used [0x00000000e0000000,0x00000000e0000000,0x00000000f5780000)
  from space 23552K, 99% used [0x00000000f5780000,0x00000000f6e665b8,0x00000000f6e80000)
  to   space 81408K, 0% used [0x00000000fa700000,0x00000000fa700000,0x00000000ff680000)
 ParOldGen       total 353792K, used 165860K [0x00000000a0000000, 0x00000000b5980000, 0x00000000e0000000)
  object space 353792K, 46% used [0x00000000a0000000,0x00000000aa1f9378,0x00000000b5980000)
 Metaspace       used 135177K, capacity 143021K, committed 143360K, reserved 1173504K
  class space    used 17349K, capacity 18801K, committed 18944K, reserved 1048576K
}
Event: 7231.220 GC heap before
{Heap before GC invocations=39 (full 6):
 PSYoungGen      total 375296K, used 23449K [0x00000000e0000000, 0x00000000ff680000, 0x0000000100000000)
  eden space 351744K, 0% used [0x00000000e0000000,0x00000000e0000000,0x00000000f5780000)
  from space 23552K, 99% used [0x00000000f5780000,0x00000000f6e665b8,0x00000000f6e80000)
  to   space 81408K, 0% used [0x00000000fa700000,0x00000000fa700000,0x00000000ff680000)
 ParOldGen       total 353792K, used 165860K [0x00000000a0000000, 0x00000000b5980000, 0x00000000e0000000)
  object space 353792K, 46% used [0x00000000a0000000,0x00000000aa1f9378,0x00000000b5980000)
 Metaspace       used 135177K, capacity 143021K, committed 143360K, reserved 1173504K
  class space    used 17349K, capacity 18801K, committed 18944K, reserved 1048576K
Event: 7233.106 GC heap after
Heap after GC invocations=39 (full 6):
 PSYoungGen      total 375296K, used 0K [0x00000000e0000000, 0x00000000ff680000, 0x0000000100000000)
  eden space 351744K, 0% used [0x00000000e0000000,0x00000000e0000000,0x00000000f5780000)
  from space 23552K, 0% used [0x00000000f5780000,0x00000000f5780000,0x00000000f6e80000)
  to   space 81408K, 0% used [0x00000000fa700000,0x00000000fa700000,0x00000000ff680000)
 ParOldGen       total 353792K, used 70234K [0x00000000a0000000, 0x00000000b5980000, 0x00000000e0000000)
  object space 353792K, 19% used [0x00000000a0000000,0x00000000a4496b38,0x00000000b5980000)
 Metaspace       used 132026K, capacity 138829K, committed 143360K, reserved 1173504K
  class space    used 16903K, capacity 18127K, committed 18944K, reserved 1048576K
}

